# JRE version: Java(TM) SE Runtime Environment (8.0_181-b13) (build 1.8.0_181-b13)
# Java VM: Java HotSpot(TM) 64-Bit Server VM (25.181-b13 mixed mode windows-amd64 compressed oops)
Heap:
 PSYoungGen      total 70656K, used 25472K [0x00000000d6600000, 0x00000000df800000, 0x0000000100000000)
  eden space 65536K, 38% used [0x00000000d6600000,0x00000000d7ee0078,0x00000000da600000)
  from space 5120K, 0% used [0x00000000da600000,0x00000000da600000,0x00000000dab00000)
  to   space 9216K, 0% used [0x00000000def00000,0x00000000def00000,0x00000000df800000)
 ParOldGen       total 61952K, used 7703K [0x0000000083200000, 0x0000000086e80000, 0x00000000d6600000)
  object space 61952K, 12% used [0x0000000083200000,0x0000000083985dd8,0x0000000086e80000)
 Metaspace       used 22360K, capacity 22656K, committed 22960K, reserved 1069056K
  class space    used 2725K, capacity 2801K, committed 2816K, reserved 1048576K
GC Heap History (10 events):
Event: 0.789 GC heap before
{Heap before GC invocations=2 (full 0):
 PSYoungGen      total 37888K, used 36829K [0x00000000d6600000, 0x00000000d9000000, 0x0000000100000000)
  eden space 32768K, 100% used [0x00000000d6600000,0x00000000d8600000,0x00000000d8600000)
  from space 5120K, 79% used [0x00000000d8600000,0x00000000d89f7620,0x00000000d8b00000)
  to   space 5120K, 0% used [0x00000000d8b00000,0x00000000d8b00000,0x00000000d9000000)
 ParOldGen       total 86016K, used 8K [0x0000000083200000, 0x0000000088600000, 0x00000000d6600000)
  object space 86016K, 0% used [0x0000000083200000,0x0000000083202000,0x0000000088600000)
 Metaspace       used 12262K, capacity 12336K, committed 12544K, reserved 1060864K
  class space    used 1503K, capacity 1528K, committed 1536K, reserved 1048576K
Event: 0.794 GC heap after
Heap after GC invocations=2 (full 0):
 PSYoungGen      total 37888K, used 5109K [0x00000000d6600000, 0x00000000db000000, 0x0000000100000000)
  eden space 32768K, 0% used [0x00000000d6600000,0x00000000d6600000,0x00000000d8600000)
  from space 5120K, 99% used [0x00000000d8b00000,0x00000000d8ffd738,0x00000000d9000000)
  to   space 5120K, 0% used [0x00000000d8600000,0x00000000d8600000,0x00000000d8b00000)
 ParOldGen       total 86016K, used 918K [0x0000000083200000, 0x0000000088600000, 0x00000000d6600000)
  object space 86016K, 1% used [0x0000000083200000,0x00000000832e5860,0x0000000088600000)
 Metaspace       used 12262K, capacity 12336K, committed 12544K, reserved 1060864K
  class space    used 1503K, capacity 1528K, committed 1536K, reserved 1048576K
}
Event: 1.073 GC heap before
{Heap before GC invocations=3 (full 0):
 PSYoungGen      total 37888K, used 37877K [0x00000000d6600000, 0x00000000db000000, 0x0000000100000000)
  eden space 32768K, 100% used [0x00000000d6600000,0x00000000d8600000,0x00000000d8600000)
  from space 5120K, 99% used [0x00000000d8b00000,0x00000000d8ffd738,0x00000000d9000000)
  to   space 5120K, 0% used [0x00000000d8600000,0x00000000d8600000,0x00000000d8b00000)
 ParOldGen       total 86016K, used 918K [0x0000000083200000, 0x0000000088600000, 0x00000000d6600000)
  object space 86016K, 1% used [0x0000000083200000,0x00000000832e5860,0x0000000088600000)
 Metaspace       used 16618K, capacity 16788K, committed 17024K, reserved 1064960K
  class space    used 2021K, capacity 2094K, committed 2176K, reserved 1048576K
Event: 1.078 GC heap after
Heap after GC invocations=3 (full 0):
 PSYoungGen      total 37888K, used 5119K [0x00000000d6600000, 0x00000000db000000, 0x0000000100000000)
  eden space 32768K, 0% used [0x00000000d6600000,0x00000000d6600000,0x00000000d8600000)
  from space 5120K, 99% used [0x00000000d8600000,0x00000000d8affee8,0x00000000d8b00000)
  to   space 5120K, 0% used [0x00000000dab00000,0x00000000dab00000,0x00000000db000000)
 ParOldGen       total 86016K, used 2236K [0x0000000083200000, 0x0000000088600000, 0x00000000d6600000)
  object space 86016K, 2% used [0x0000000083200000,0x000000008342f060,0x0000000088600000)
 Metaspace       used 16618K, capacity 16788K, committed 17024K, reserved 1064960K
  class space    used 2021K, capacity 2094K, committed 2176K, reserved 1048576K
}
Event: 1.399 GC heap before
{Heap before GC invocations=4 (full 0):
 PSYoungGen      total 37888K, used 37887K [0x00000000d6600000, 0x00000000db000000, 0x0000000100000000)
  eden space 32768K, 100% used [0x00000000d6600000,0x00000000d8600000,0x00000000d8600000)
  from space 5120K, 99% used [0x00000000d8600000,0x00000000d8affee8,0x00000000d8b00000)
  to   space 5120K, 0% used [0x00000000dab00000,0x00000000dab00000,0x00000000db000000)
 ParOldGen       total 86016K, used 2236K [0x0000000083200000, 0x0000000088600000, 0x00000000d6600000)
  object space 86016K, 2% used [0x0000000083200000,0x000000008342f060,0x0000000088600000)
 Metaspace       used 18868K, capacity 19108K, committed 19328K, reserved 1067008K
  class space    used 2274K, capacity 2347K, committed 2432K, reserved 1048576K
Event: 1.404 GC heap after
Heap after GC invocations=4 (full 0):
 PSYoungGen      total 70656K, used 5104K [0x00000000d6600000, 0x00000000db000000, 0x0000000100000000)
  eden space 65536K, 0% used [0x00000000d6600000,0x00000000d6600000,0x00000000da600000)
  from space 5120K, 99% used [0x00000000dab00000,0x00000000daffc010,0x00000000db000000)
  to   space 5120K, 0% used [0x00000000da600000,0x00000000da600000,0x00000000dab00000)
 ParOldGen       total 86016K, used 3749K [0x0000000083200000, 0x0000000088600000, 0x00000000d6600000)
  object space 86016K, 4% used [0x0000000083200000,0x00000000835a94b0,0x0000000088600000)
 Metaspace       used 18868K, capacity 19108K, committed 19328K, reserved 1067008K
  class space    used 2274K, capacity 2347K, committed 2432K, reserved 1048576K
}
Event: 1.714 GC heap before
{Heap before GC invocations=5 (full 0):
 PSYoungGen      total 70656K, used 41676K [0x00000000d6600000, 0x00000000db000000, 0x0000000100000000)
  eden space 65536K, 55% used [0x00000000d6600000,0x00000000d89b7208,0x00000000da600000)
  from space 5120K, 99% used [0x00000000dab00000,0x00000000daffc010,0x00000000db000000)
  to   space 5120K, 0% used [0x00000000da600000,0x00000000da600000,0x00000000dab00000)
 ParOldGen       total 86016K, used 3749K [0x0000000083200000, 0x0000000088600000, 0x00000000d6600000)
  object space 86016K, 4% used [0x0000000083200000,0x00000000835a94b0,0x0000000088600000)
 Metaspace       used 20864K, capacity 21128K, committed 21296K, reserved 1069056K
  class space    used 2535K, capacity 2637K, committed 2688K, reserved 1048576K
Event: 1.722 GC heap after
Heap after GC invocations=5 (full 0):
 PSYoungGen      total 70656K, used 5088K [0x00000000d6600000, 0x00000000df800000, 0x0000000100000000)
  eden space 65536K, 0% used [0x00000000d6600000,0x00000000d6600000,0x00000000da600000)
  from space 5120K, 99% used [0x00000000da600000,0x00000000daaf8020,0x00000000dab00000)
  to   space 9216K, 0% used [0x00000000def00000,0x00000000def00000,0x00000000df800000)
 ParOldGen       total 86016K, used 6374K [0x0000000083200000, 0x0000000088600000, 0x00000000d6600000)
  object space 86016K, 7% used [0x0000000083200000,0x0000000083839a98,0x0000000088600000)
 Metaspace       used 20864K, capacity 21128K, committed 21296K, reserved 1069056K
  class space    used 2535K, capacity 2637K, committed 2688K, reserved 1048576K
}
Event: 1.722 GC heap before
{Heap before GC invocations=6 (full 1):
 PSYoungGen      total 70656K, used 5088K [0x00000000d6600000, 0x00000000df800000, 0x0000000100000000)
  eden space 65536K, 0% used [0x00000000d6600000,0x00000000d6600000,0x00000000da600000)
  from space 5120K, 99% used [0x00000000da600000,0x00000000daaf8020,0x00000000dab00000)
  to   space 9216K, 0% used [0x00000000def00000,0x00000000def00000,0x00000000df800000)
 ParOldGen       total 86016K, used 6374K [0x0000000083200000, 0x0000000088600000, 0x00000000d6600000)
  object space 86016K, 7% used [0x0000000083200000,0x0000000083839a98,0x0000000088600000)
 Metaspace       used 20864K, capacity 21128K, committed 21296K, reserved 1069056K
  class space    used 2535K, capacity 2637K, committed 2688K, reserved 1048576K
Event: 1.759 GC heap after
Heap after GC invocations=6 (full 1):
 PSYoungGen      total 70656K, used 0K [0x00000000d6600000, 0x00000000df800000, 0x0000000100000000)
  eden space 65536K, 0% used [0x00000000d6600000,0x00000000d6600000,0x00000000da600000)
  from space 5120K, 0% used [0x00000000da600000,0x00000000da600000,0x00000000dab00000)
  to   space 9216K, 0% used [0x00000000def00000,0x00000000def00000,0x00000000df800000)
 ParOldGen       total 61952K, used 7703K [0x0000000083200000, 0x0000000086e80000, 0x00000000d6600000)
  object space 61952K, 12% used [0x0000000083200000,0x0000000083985dd8,0x0000000086e80000)
 Metaspace       used 20864K, capacity 21128K, committed 21296K, reserved 1069056K
  class space    used 2535K, capacity 2637K, committed 2688K, reserved 1048576K
}

